<?xml version="1.0" encoding="UTF-8"?>
<robot generated="20171009 14:30:50.597" generator="Robot 3.0.2 (Python 2.7.10 on darwin)">
<suite source="/Users/tatralab/Documents/AUTOMATION_WORKSPACE/RobotFramework/src/test/robotframework/acceptance/Test Cases.txt" id="s1" name="Test Cases">
<test id="s1-t1" name="TC4: Adding new Stadium">
<kw name="Shared Steps : Open Stadium Management" library="Open Stadium Management Shared Steps">
<kw name="Open Browser">
<arguments>
<arg>${URL_Admin}</arg>
<arg>chrome</arg>
</arguments>
<msg timestamp="20171009 14:30:50.625" level="FAIL">No keyword with name 'Open Browser' found.</msg>
<status status="FAIL" endtime="20171009 14:30:50.625" starttime="20171009 14:30:50.625"></status>
</kw>
<status status="FAIL" endtime="20171009 14:30:50.625" starttime="20171009 14:30:50.623"></status>
</kw>
<doc>Check adding a new stadium</doc>
<status status="FAIL" endtime="20171009 14:30:50.625" critical="yes" starttime="20171009 14:30:50.622">No keyword with name 'Open Browser' found.</status>
</test>
<doc>A resource file containing the application Test Cases</doc>
<status status="FAIL" endtime="20171009 14:30:50.625" starttime="20171009 14:30:50.599"></status>
</suite>
<statistics>
<total>
<stat fail="1" pass="0">Critical Tests</stat>
<stat fail="1" pass="0">All Tests</stat>
</total>
<tag>
</tag>
<suite>
<stat fail="1" id="s1" name="Test Cases" pass="0">Test Cases</stat>
</suite>
</statistics>
<errors>
<msg timestamp="20171009 14:30:50.619" level="ERROR">Error in file '/Users/tatralab/Documents/AUTOMATION_WORKSPACE/RobotFramework/src/test/robotframework/acceptance/Test Cases.txt': Importing test library 'Selenium2Library' failed: ImportError: No module named Selenium2Library
Traceback (most recent call last):
  None
PYTHONPATH:
  /usr/local/bin
  /Library/Python/2.7/site-packages/pip-9.0.1-py2.7.egg
  /System/Library/Frameworks/Python.framework/Versions/2.7/lib/python27.zip
  /System/Library/Frameworks/Python.framework/Versions/2.7/lib/python2.7
  /System/Library/Frameworks/Python.framework/Versions/2.7/lib/python2.7/plat-darwin
  /System/Library/Frameworks/Python.framework/Versions/2.7/lib/python2.7/plat-mac
  /System/Library/Frameworks/Python.framework/Versions/2.7/lib/python2.7/plat-mac/lib-scriptpackages
  /System/Library/Frameworks/Python.framework/Versions/2.7/lib/python2.7/lib-tk
  /System/Library/Frameworks/Python.framework/Versions/2.7/lib/python2.7/lib-old
  /System/Library/Frameworks/Python.framework/Versions/2.7/lib/python2.7/lib-dynload
  /Library/Python/2.7/site-packages
  /System/Library/Frameworks/Python.framework/Versions/2.7/Extras/lib/python
  /System/Library/Frameworks/Python.framework/Versions/2.7/Extras/lib/python/PyObjC</msg>
<msg timestamp="20171009 14:30:50.622" level="ERROR">Error in file '/Users/tatralab/Documents/AUTOMATION_WORKSPACE/RobotFramework/src/Shated TCs/Open Stadium Management Shared Steps.txt': Importing test library 'Selenium2Library' failed: ImportError: No module named Selenium2Library
Traceback (most recent call last):
  None
PYTHONPATH:
  /usr/local/bin
  /Library/Python/2.7/site-packages/pip-9.0.1-py2.7.egg
  /System/Library/Frameworks/Python.framework/Versions/2.7/lib/python27.zip
  /System/Library/Frameworks/Python.framework/Versions/2.7/lib/python2.7
  /System/Library/Frameworks/Python.framework/Versions/2.7/lib/python2.7/plat-darwin
  /System/Library/Frameworks/Python.framework/Versions/2.7/lib/python2.7/plat-mac
  /System/Library/Frameworks/Python.framework/Versions/2.7/lib/python2.7/plat-mac/lib-scriptpackages
  /System/Library/Frameworks/Python.framework/Versions/2.7/lib/python2.7/lib-tk
  /System/Library/Frameworks/Python.framework/Versions/2.7/lib/python2.7/lib-old
  /System/Library/Frameworks/Python.framework/Versions/2.7/lib/python2.7/lib-dynload
  /Library/Python/2.7/site-packages
  /System/Library/Frameworks/Python.framework/Versions/2.7/Extras/lib/python
  /System/Library/Frameworks/Python.framework/Versions/2.7/Extras/lib/python/PyObjC</msg>
</errors>
</robot>
