<?xml version="1.0" encoding="UTF-8"?>
<testsuite failures="2" skip="0" tests="15" name="Acceptance" errors="0">
<testcase classname="Acceptance.Test Cases" name="TC1: Login failed" time="6">
</testcase>
<testcase classname="Acceptance.Test Cases" name="TC2: Login Sucessfully" time="8">
</testcase>
<testcase classname="Acceptance.Test Cases" name="TC3: Logout" time="10">
</testcase>
<testcase classname="Acceptance.Test Cases" name="TC4: Adding new Stadium" time="17">
</testcase>
<testcase classname="Acceptance.Test Cases" name="TC5: Editing created stadium" time="21">
</testcase>
<testcase classname="Acceptance.Test Cases" name="TC6: Deleting created stadium" time="20">
</testcase>
<testcase classname="Acceptance.Test Cases" name="TC7: Adding new restaurant" time="17">
</testcase>
<testcase classname="Acceptance.Test Cases" name="TC8: Editing created restaurant" time="21">
</testcase>
<testcase classname="Acceptance.Test Cases" name="TC9 : Deleting created restaurant" time="20">
</testcase>
<testcase classname="Acceptance.Test Cases" name="TC10 : Adding new runner" time="17">
</testcase>
<testcase classname="Acceptance.Test Cases" name="TC11 : Editing created runner" time="22">
</testcase>
<testcase classname="Acceptance.Test Cases" name="TC12 : Deleting created runner" time="21">
</testcase>
<testcase classname="Acceptance.Test Cases" name="TC13: Adding new product" time="17">
</testcase>
<testcase classname="Acceptance.Test Cases" name="TC14 : Editing created product" time="28">
<failure message="unexpected alert open: {Alert text : error}&#10;  (Session info: chrome=61.0.3163.100)&#10;  (Driver info: chromedriver=2.31.488774 (7e15618d1bf16df8bf0ecf2914ed1964a387ba0b),platform=Mac OS X 10.12.3 x86_64) (WARNING: The server did not provide any stacktrace information)&#10;Command duration or timeout: 3 milliseconds: null&#10;Build info: version: '2.48.2', revision: '41bccdd10cf2c0560f637404c2d96164b67d9d67', time: '2015-10-09 13:08:06'&#10;System info: host: 'Tatras-MacBook-Pro.local', ip: '192.168.1.3', os.name: 'Mac OS X', os.arch: 'x86_64', os.version: '10.12.3', java.version: '1.8.0_111'&#10;Driver info: org.openqa.selenium.chrome.ChromeDriver&#10;Capabilities [{applicationCacheEnabled=false, rotatable=false, mobileEmulationEnabled=false, networkConnectionEnabled=false, chrome={chromedriverVersion=2.31.488774 (7e15618d1bf16df8bf0ecf2914ed1964a387ba0b), userDataDir=/var/folders/45/bxxg74bn3dncx0gcy47lc1300000gn/T/.org.chromium.Chromium.WvKMss}, takesHeapSnapshot=true, pageLoadStrategy=normal, databaseEnabled=false, handlesAlerts=true, hasTouchScreen=false, version=61.0.3163.100, platform=MAC, browserConnectionEnabled=false, nativeEvents=true, acceptSslCerts=true, locationContextEnabled=true, webStorageEnabled=true, browserName=chrome, takesScreenshot=true, javascriptEnabled=true, cssSelectorsEnabled=true, setWindowRect=true, unexpectedAlertBehaviour=}]&#10;Session ID: c8868e086568475fca7b1b9d0c9dd8f8&#10;*** Element info: {Using=xpath, value=.//table[@id='dataTables-example2']/tbody/tr[2]/td[3]/samp}" type="AssertionError"></failure>
</testcase>
<testcase classname="Acceptance.Test Cases" name="TC15 : Deleting created product" time="427">
<failure message="RuntimeException" type="AssertionError"></failure>
</testcase>
</testsuite>
